
ROM used:   376/8192 (5%)
            376/8192 (5%) including unused fragments

            0.3 Average locations per line
            4.0 Average locations per statement

RAM used:   5/368 (1%) at main() level
            18/368 (5%) worst case

Stack used: 5 worst case (5 in main + 0 for interrupts)
Stack size: 8

Lines Stmts  %   Files
----- ----- ---  -----
   17     9  10  VD1.c
  671     0   0  C:\Program Files (x86)\PICC\Devices\16F877A.h
  456    84  90  C:\Program Files (x86)\PICC\Drivers\lcd.c
----- -----
 1144    93 Total

Page ROM  %  RAM   Vol Diff  Functions:
---- --- --- ---   --- ----  ----------
0     20   5    1             @delay_ms1
 Inline         3   596  5.9  lcd_read_byte
0      6   2    0    59  4.2  lcd_read_nibble
0     13   3    1   179  3.3  lcd_send_nibble
0     64  17    3   460  4.7  lcd_send_byte
0     62  16    6   814  7.2  lcd_init
0     18   5    4   208  6.3  lcd_gotoxy
0     44  12    1   354  4.7  lcd_putc
0     44  12    0   200  2.2  MAIN
0      6   2    0             @const662
0     86  23    4             @PSTRINGC7_647
0      9   2    0             @const664
 Inline         0             @cinit1

Program metrics:
    Functions               8
    Statements              93
    Comments                219
    Volume (V)              4354
    Difficulty (D)          36.8
    Effort to implement (E) 160316
    Time to implement (T)   2 hours, 28 minutes
    Est Delivered Bugs (B)  1
    Cyclomatic Complexity   8
    Maintainability (MI)    147

 Segment     Used  Free
-----------  ----  ----
00000-00003     4  0  
00004-007FF   372  1672  
00800-00FFF     0  2048  
01000-017FF     0  2048  
01800-01FFF     0  2048  



