
ROM used:   486/8192 (6%)
            486/8192 (6%) including unused fragments

            0.4 Average locations per line
            5.1 Average locations per statement

RAM used:   6/368 (2%) at main() level
            22/368 (6%) worst case

Stack used: 5 worst case (5 in main + 0 for interrupts)
Stack size: 8

Lines Stmts  %   Files
----- ----- ---  -----
   21    11  12  vd2.c
  671     0   0  C:\Program Files (x86)\PICC\Devices\16F877A.h
  456    84  88  C:\Program Files (x86)\PICC\Drivers\lcd.c
----- -----
 1148    95 Total

Page ROM  %  RAM   Vol Diff  Functions:
---- --- --- ---   --- ----  ----------
0     20   4    1             @delay_ms1
 Inline         3   596  5.9  lcd_read_byte
0      6   1    0    59  4.2  lcd_read_nibble
0     13   3    1   179  3.3  lcd_send_nibble
0     64  13    3   460  4.7  lcd_send_byte
0     62  13    6   814  7.2  lcd_init
0     18   4    4   208  6.3  lcd_gotoxy
0     44   9    1   354  4.7  lcd_putc
0     52  11    1   279  3.6  MAIN
0      5   1    0             @const662
0     88  18    4             @PSTRINGC7_647
0     21   4    3             @DIV88
0     89  18    6             @PRINTF_D_647
 Inline         0             @cinit1

Program metrics:
    Functions               8
    Statements              95
    Comments                219
    Volume (V)              4478
    Difficulty (D)          38.2
    Effort to implement (E) 171085
    Time to implement (T)   2 hours, 38 minutes
    Est Delivered Bugs (B)  1
    Cyclomatic Complexity   8
    Maintainability (MI)    146

 Segment     Used  Free
-----------  ----  ----
00000-00003     4  0  
00004-007FF   482  1562  
00800-00FFF     0  2048  
01000-017FF     0  2048  
01800-01FFF     0  2048  



