
ROM used:   295/8192 (4%)
            295/8192 (4%) including unused fragments

            0.4 Average locations per line
            9.8 Average locations per statement

RAM used:   27/368 (7%) at main() level
            35/368 (10%) worst case

Stack used: 4 worst case (2 in main + 2 for interrupts)
Stack size: 8

Lines Stmts  %   Files
----- ----- ---  -----
   52    30 100  2.5.c
  671     0   0  C:\Program Files (x86)\PICC\Devices\16F877A.h
----- -----
  723    30 Total

Page ROM  %  RAM   Vol Diff  Functions:
---- --- --- ---   --- ----  ----------
0     20   7    1             @delay_ms1
0     14   5    0             @const625
0     28   9    2    88  3.2  dl_ms
0     92  31    1   460  3.3  qled
0     21   7    3   276  5.1  @DIV88
0     71  24    1   276  5.1  MAIN
 Inline         0             @cinit1

Program metrics:
    Functions               4
    Statements              30
    Comments                119
    Volume (V)              1499
    Difficulty (D)          16.3
    Effort to implement (E) 24476
    Time to implement (T)   23 minutes
    Est Delivered Bugs (B)  0
    Cyclomatic Complexity   3
    Maintainability (MI)    149

 Segment     Used  Free
-----------  ----  ----
00000-00003     4  0  
00004-00030    45  0  
00031-007FF   246  1753  
00800-00FFF     0  2048  
01000-017FF     0  2048  
01800-01FFF     0  2048  



