
ROM used:   505/8192 (6%)
            505/8192 (6%) including unused fragments

            0.4 Average locations per line
            4.2 Average locations per statement

RAM used:   10/368 (3%) at main() level
            23/368 (6%) worst case

Stack used: 5 worst case (5 in main + 0 for interrupts)
Stack size: 8

Lines Stmts  %   Files
----- ----- ---  -----
   28    35  29  vd25.c
  671     0   0  C:\Program Files (x86)\PICC\Devices\16F877A.h
  456    84  71  C:\Program Files (x86)\PICC\Drivers\lcd.c
----- -----
 1155   119 Total

Page ROM  %  RAM   Vol Diff  Functions:
---- --- --- ---   --- ----  ----------
0     20   4    1             @delay_ms1
 Inline         3   596  5.9  lcd_read_byte
0      6   1    0    59  4.2  lcd_read_nibble
0     13   3    1   179  3.3  lcd_send_nibble
0     64  13    3   460  4.7  lcd_send_byte
0     62  12    6   814  7.2  lcd_init
0     18   4    4   208  6.3  lcd_gotoxy
0     44   9    1   354  4.7  lcd_putc
0    108  21    4   934  6.5  MAIN
0      4   1    0             @const666
0     88  17    4             @PSTRINGC7_647
0     21   4    3             @DIV88
0     53  10    2             @PRINTF_U_647
 Inline         0             @cinit1

Program metrics:
    Functions               8
    Statements              119
    Comments                219
    Volume (V)              5382
    Difficulty (D)          41.0
    Effort to implement (E) 220579
    Time to implement (T)   3 hours, 24 minutes
    Est Delivered Bugs (B)  1
    Cyclomatic Complexity   15
    Maintainability (MI)    141

 Segment     Used  Free
-----------  ----  ----
00000-00003     4  0  
00004-007FF   501  1543  
00800-00FFF     0  2048  
01000-017FF     0  2048  
01800-01FFF     0  2048  



