
ROM used:   220/8192 (3%)
            220/8192 (3%) including unused fragments

            0.3 Average locations per line
            6.7 Average locations per statement

RAM used:   9/368 (2%) at main() level
            15/368 (4%) worst case

Stack used: 2 worst case (2 in main + 0 for interrupts)
Stack size: 8

Lines Stmts  %   Files
----- ----- ---  -----
   48    33 100  2.4.c
  671     0   0  C:\Program Files (x86)\PICC\Devices\16F877A.h
----- -----
  719    33 Total

Page ROM  %  RAM   Vol Diff  Functions:
---- --- --- ---   --- ----  ----------
0     20   9    1             @delay_ms1
0     14   6    0             @const625
0    122  55    1   672  3.4  qled
0     21  10    3             @DIV88
0     39  18    0   218  4.5  MAIN
 Inline         0             @cinit1

Program metrics:
    Functions               2
    Statements              33
    Comments                119
    Volume (V)              1034
    Difficulty (D)          7.7
    Effort to implement (E) 7933
    Time to implement (T)   7 minutes
    Est Delivered Bugs (B)  0
    Cyclomatic Complexity   1
    Maintainability (MI)    64

 Segment     Used  Free
-----------  ----  ----
00000-00003     4  0  
00004-007FF   216  1828  
00800-00FFF     0  2048  
01000-017FF     0  2048  
01800-01FFF     0  2048  



