
ROM used:   68/8192 (1%)
            68/8192 (1%) including unused fragments

            0.1 Average locations per line
            5.7 Average locations per statement

RAM used:   6/368 (2%) at main() level
            9/368 (2%) worst case

Stack used: 1 worst case (1 in main + 0 for interrupts)
Stack size: 8

Lines Stmts  %   Files
----- ----- ---  -----
   23    12 100  vd2.2.c
  671     0   0  C:\Program Files (x86)\PICC\Devices\16F877A.h
----- -----
  694    12 Total

Page ROM  %  RAM   Vol Diff  Functions:
---- --- --- ---   --- ----  ----------
0     32  47    1   151  3.9  delay400ms
0     32  47    0    80  1.6  MAIN
 Inline         0             @cinit1

Program metrics:
    Functions               2
    Statements              12
    Comments                119
    Volume (V)              285
    Difficulty (D)          5.3
    Effort to implement (E) 1498
    Time to implement (T)   1 minutes
    Est Delivered Bugs (B)  0
    Cyclomatic Complexity   1
    Maintainability (MI)    87

 Segment     Used  Free
-----------  ----  ----
00000-00003     4  0  
00004-007FF    64  1980  
00800-00FFF     0  2048  
01000-017FF     0  2048  
01800-01FFF     0  2048  



