
ROM used:   71/8192 (1%)
            71/8192 (1%) including unused fragments

            0.1 Average locations per line
            5.9 Average locations per statement

RAM used:   6/368 (2%) at main() level
            9/368 (2%) worst case

Stack used: 1 worst case (1 in main + 0 for interrupts)
Stack size: 8

Lines Stmts  %   Files
----- ----- ---  -----
   23    12 100  vd1.c
  671     0   0  C:\Program Files (x86)\PICC\Devices\16F877A.h
----- -----
  694    12 Total

Page ROM  %  RAM   Vol Diff  Functions:
---- --- --- ---   --- ----  ----------
0     35  49    2   153  4.3  delay400ms
0     32  45    0    80  1.6  MAIN
 Inline         0             @cinit1

Program metrics:
    Functions               2
    Statements              12
    Comments                119
    Volume (V)              287
    Difficulty (D)          5.7
    Effort to implement (E) 1625
    Time to implement (T)   2 minutes
    Est Delivered Bugs (B)  0
    Cyclomatic Complexity   1
    Maintainability (MI)    87

 Segment     Used  Free
-----------  ----  ----
00000-00003     4  0  
00004-007FF    67  1977  
00800-00FFF     0  2048  
01000-017FF     0  2048  
01800-01FFF     0  2048  



