
ROM used:   162/8192 (2%)
            162/8192 (2%) including unused fragments

            0.2 Average locations per line
            7.7 Average locations per statement

RAM used:   12/368 (3%) at main() level
            13/368 (4%) worst case

Stack used: 2 worst case (0 in main + 2 for interrupts)
Stack size: 8

Lines Stmts  %   Files
----- ----- ---  -----
   23    21 100  vd3.c
  671     0   0  C:\Program Files (x86)\PICC\Devices\16F877A.h
----- -----
  694    21 Total

Page ROM  %  RAM   Vol Diff  Functions:
---- --- --- ---   --- ----  ----------
0     20  12    1             @delay_ms1
0     72  44    0   344  1.4  qled
0     21  13    0    84  2.0  MAIN
 Inline         0    80  1.6  @cinit1

Program metrics:
    Functions               3
    Statements              21
    Comments                119
    Volume (V)              657
    Difficulty (D)          5.3
    Effort to implement (E) 3452
    Time to implement (T)   3 minutes
    Est Delivered Bugs (B)  0
    Cyclomatic Complexity   1
    Maintainability (MI)    95

 Segment     Used  Free
-----------  ----  ----
00000-00003     4  0  
00004-00030    45  0  
00031-007FF   113  1886  
00800-00FFF     0  2048  
01000-017FF     0  2048  
01800-01FFF     0  2048  



